[35m[Appium][39m Welcome to Appium v1.22.3
[35m[Appium][39m Non-default server args:
[35m[Appium][39m   port: 56924
[35m[Appium][39m   loglevel: info
[35m[Appium][39m   tmpDir: C:\Users\095065\AppData\Local\Temp\\Katalon\Appium\Temp1657698873762
[35m[Appium][39m   chromedriverPort: 56925
[35m[Appium][39m Deprecated server args:
[35m[Appium][39m   [31m--chromedriver-port[39m => --default-capabilities
[35m[Appium][39m Default capabilities, which will be added to each request unless overridden by desired capabilities:
[35m[Appium][39m   chromedriverPort: 56925
[35m[Appium][39m Appium REST http interface listener started on 0.0.0.0:56924
[35m[HTTP][39m [37m-->[39m [37mGET[39m [37m/wd/hub/status[39m
[35m[HTTP][39m [90m{}[39m
[35m[HTTP][39m [37m<-- GET /wd/hub/status [39m[32m200[39m [90m9 ms - 68[39m
[35m[HTTP][39m [90m[39m
[35m[HTTP][39m [37m-->[39m [37mGET[39m [37m/wd/hub/status[39m
[35m[HTTP][39m [90m{}[39m
[35m[HTTP][39m [37m<-- GET /wd/hub/status [39m[32m200[39m [90m1 ms - 68[39m
[35m[HTTP][39m [90m[39m
[35m[HTTP][39m [37m-->[39m [37mPOST[39m [37m/wd/hub/session[39m
[35m[HTTP][39m [90m{"desiredCapabilities":{"appActivity":".Settings","appPackage":"com.android.settings","newCommandTimeout":1800,"platformVersion":"9","automationName":"uiautomator2","autoGrantPermissions":true,"platformName":"Android","udid":"192.168.250.102:5555","deviceName":"Genymotion Samsung Galaxy S10 (Android 9)","platform":"ANDROID","systemPort":8220},"capabilities":{"firstMatch":[{"appium:appActivity":".Settings","appium:appPackage":"com.android.settings","appium:autoGrantPermissions":true,"appium:automationName":"uiautomator2","appium:deviceName":"Genymotion Samsung Galaxy S10 (Android 9)","appium:newCommandTimeout":1800,"platform":"ANDROID","platformName":"android","appium:platformVersion":"9","appium:systemPort":8220,"appium:udid":"192.168.250.102:5555"}]}}[39m
[35m[BaseDriver][39m The following capabilities are not standard capabilities and should have an extension prefix:
[35m[BaseDriver][39m   platform
[35m[BaseDriver][39m   chromedriverPort
[35m[Appium][39m Appium v1.22.3 creating new AndroidUiautomator2Driver (v1.70.1) session
[35m[BaseDriver][39m The following capabilities were provided, but are not recognized by Appium:
[35m[BaseDriver][39m   platform
[35m[BaseDriver][39m Session created with session id: f1d69385-59a8-4d79-9e9d-69be2a47b09b
[35m[UiAutomator2][39m Starting 'com.android.settings' directly on the device
[35m[ADB][39m Found 1 'build-tools' folders under 'C:\Users\095065\.katalon\tools\android_sdk' (newest first):
[35m[ADB][39m     C:/Users/095065/.katalon/tools/android_sdk/build-tools/29.0.3
[35m[ADB][39m Using 'adb.exe' from 'C:\Users\095065\.katalon\tools\android_sdk\platform-tools\adb.exe'
[35m[AndroidDriver][39m Retrieving device list
[35m[AndroidDriver][39m Using device: 192.168.250.102:5555
[35m[ADB][39m Using 'adb.exe' from 'C:\Users\095065\.katalon\tools\android_sdk\platform-tools\adb.exe'
[35m[ADB][39m Getting device platform version
[35m[UiAutomator2][39m Relaxing hidden api policy
[35m[AndroidDriver][39m No app sent in, not parsing package/activity
[35m[ADB][39m Using 'apksigner.jar' from 'C:\Users\095065\.katalon\tools\android_sdk\build-tools\29.0.3\lib\apksigner.jar'
[35m[ADB][39m 'C:\Users\095065\AppData\Roaming\npm\node_modules\appium\node_modules\appium-uiautomator2-server\apks\appium-uiautomator2-server-v4.27.0.apk' is signed with the default certificate
[35m[ADB][39m 'C:\Users\095065\AppData\Roaming\npm\node_modules\appium\node_modules\appium-uiautomator2-server\apks\appium-uiautomator2-server-debug-androidTest.apk' is signed with the default certificate
[35m[UiAutomator2][39m Server packages are not going to be (re)installed
[35m[ADB][39m Adding packages ["io.appium.settings","io.appium.uiautomator2.server","io.appium.uiautomator2.server.test"] to Doze whitelist
[35m[UiAutomator2][39m Starting UIAutomator2 server 4.27.0
[35m[UiAutomator2][39m Using UIAutomator2 server from 'C:\Users\095065\AppData\Roaming\npm\node_modules\appium\node_modules\appium-uiautomator2-server\apks\appium-uiautomator2-server-v4.27.0.apk' and test from 'C:\Users\095065\AppData\Roaming\npm\node_modules\appium\node_modules\appium-uiautomator2-server\apks\appium-uiautomator2-server-debug-androidTest.apk'
[35m[UiAutomator2][39m Waiting up to 30000ms for UiAutomator2 to be online...
[35m[WD Proxy][39m socket hang up
[35m[WD Proxy][39m socket hang up
[35m[WD Proxy][39m Determined the downstream protocol as 'W3C'
[35m[AndroidDriver][39m Screen already unlocked, doing nothing
[35m[UiAutomator2][39m Starting 'com.android.settings/.Settings and waiting for 'com.android.settings/.Settings'
[35m[Appium][39m New AndroidUiautomator2Driver session created successfully, session f1d69385-59a8-4d79-9e9d-69be2a47b09b added to master session list
[35m[HTTP][39m [37m<-- POST /wd/hub/session [39m[32m200[39m [90m8075 ms - 1215[39m
[35m[HTTP][39m [90m[39m
[35m[HTTP][39m [37m-->[39m [37mGET[39m [37m/wd/hub/session/f1d69385-59a8-4d79-9e9d-69be2a47b09b[39m
[35m[HTTP][39m [90m{}[39m
[35m[HTTP][39m [37m<-- GET /wd/hub/session/f1d69385-59a8-4d79-9e9d-69be2a47b09b [39m[32m200[39m [90m32 ms - 1169[39m
[35m[HTTP][39m [90m[39m
[35m[HTTP][39m [37m-->[39m [37mGET[39m [37m/wd/hub/session/f1d69385-59a8-4d79-9e9d-69be2a47b09b[39m
[35m[HTTP][39m [90m{}[39m
[35m[HTTP][39m [37m<-- GET /wd/hub/session/f1d69385-59a8-4d79-9e9d-69be2a47b09b [39m[32m200[39m [90m24 ms - 1169[39m
[35m[HTTP][39m [90m[39m
[35m[HTTP][39m [37m-->[39m [37mGET[39m [37m/wd/hub/status[39m
[35m[HTTP][39m [90m{}[39m
[35m[HTTP][39m [37m<-- GET /wd/hub/status [39m[32m200[39m [90m2 ms - 68[39m
[35m[HTTP][39m [90m[39m
[35m[HTTP][39m [37m-->[39m [37mPOST[39m [37m/wd/hub/session/f1d69385-59a8-4d79-9e9d-69be2a47b09b/timeouts[39m
[35m[HTTP][39m [90m{"implicit":60000}[39m
[35m[HTTP][39m [37m<-- POST /wd/hub/session/f1d69385-59a8-4d79-9e9d-69be2a47b09b/timeouts [39m[32m200[39m [90m4 ms - 14[39m
[35m[HTTP][39m [90m[39m
[35m[HTTP][39m [37m-->[39m [37mGET[39m [37m/wd/hub/session/f1d69385-59a8-4d79-9e9d-69be2a47b09b/screenshot[39m
[35m[HTTP][39m [90m{}[39m
[35m[HTTP][39m [37m<-- GET /wd/hub/session/f1d69385-59a8-4d79-9e9d-69be2a47b09b/screenshot [39m[32m200[39m [90m878 ms - 63600[39m
[35m[HTTP][39m [90m[39m
[35m[HTTP][39m [37m-->[39m [37mGET[39m [37m/wd/hub/session/f1d69385-59a8-4d79-9e9d-69be2a47b09b/window/rect[39m
[35m[HTTP][39m [90m{}[39m
[35m[HTTP][39m [37m<-- GET /wd/hub/session/f1d69385-59a8-4d79-9e9d-69be2a47b09b/window/rect [39m[32m200[39m [90m32 ms - 50[39m
[35m[HTTP][39m [90m[39m
[35m[HTTP][39m [37m-->[39m [37mGET[39m [37m/wd/hub/session/f1d69385-59a8-4d79-9e9d-69be2a47b09b/appium/device/system_bars[39m
[35m[HTTP][39m [90m{}[39m
[35m[HTTP][39m [37m<-- GET /wd/hub/session/f1d69385-59a8-4d79-9e9d-69be2a47b09b/appium/device/system_bars [39m[32m200[39m [90m148 ms - 148[39m
[35m[HTTP][39m [90m[39m
[35m[HTTP][39m [37m-->[39m [37mPOST[39m [37m/wd/hub/session/f1d69385-59a8-4d79-9e9d-69be2a47b09b/appium/device/activate_app[39m
[35m[HTTP][39m [90m{"bundleId":"com.example.mikebanks.bankscorpfinancial"}[39m
[35m[HTTP][39m [37m<-- POST /wd/hub/session/f1d69385-59a8-4d79-9e9d-69be2a47b09b/appium/device/activate_app [39m[32m200[39m [90m434 ms - 14[39m
[35m[HTTP][39m [90m[39m
[35m[HTTP][39m [37m-->[39m [37mGET[39m [37m/wd/hub/session/f1d69385-59a8-4d79-9e9d-69be2a47b09b/source[39m
[35m[HTTP][39m [90m{}[39m
[35m[W3C (f1d69385)][39m Driver proxy active, passing request on via HTTP proxy
[35m[WD Proxy][39m Replacing sessionId bc6202d6-5b3d-4413-ab4f-6ba9f8820441 with f1d69385-59a8-4d79-9e9d-69be2a47b09b
[35m[HTTP][39m [37m<-- GET /wd/hub/session/f1d69385-59a8-4d79-9e9d-69be2a47b09b/source [39m[32m200[39m [90m634 ms - 13683[39m
[35m[HTTP][39m [90m[39m
[35m[HTTP][39m [37m-->[39m [37mGET[39m [37m/wd/hub/session/f1d69385-59a8-4d79-9e9d-69be2a47b09b/screenshot[39m
[35m[HTTP][39m [90m{}[39m
[35m[HTTP][39m [37m<-- GET /wd/hub/session/f1d69385-59a8-4d79-9e9d-69be2a47b09b/screenshot [39m[32m200[39m [90m551 ms - 164350[39m
[35m[HTTP][39m [90m[39m
[35m[HTTP][39m [37m-->[39m [37mPOST[39m [37m/wd/hub/session/f1d69385-59a8-4d79-9e9d-69be2a47b09b/elements[39m
[35m[HTTP][39m [90m{"using":"xpath","value":"//*[@class = 'android.widget.Spinner' and @resource-id = 'com.example.mikebanks.bankscorpfinancial:id/spn_select_payee' and (@text = '' or . = '')]"}[39m
[35m[HTTP][39m [37m<-- POST /wd/hub/session/f1d69385-59a8-4d79-9e9d-69be2a47b09b/elements [39m[32m200[39m [90m255 ms - 139[39m
[35m[HTTP][39m [90m[39m
[35m[HTTP][39m [37m-->[39m [37mPOST[39m [37m/wd/hub/session/f1d69385-59a8-4d79-9e9d-69be2a47b09b/elements[39m
[35m[HTTP][39m [90m{"using":"xpath","value":"//*[@class = 'android.widget.Spinner' and @resource-id = 'com.example.mikebanks.bankscorpfinancial:id/spn_select_acc' and (@text = '' or . = '')]"}[39m
[35m[HTTP][39m [37m<-- POST /wd/hub/session/f1d69385-59a8-4d79-9e9d-69be2a47b09b/elements [39m[32m200[39m [90m85 ms - 139[39m
[35m[HTTP][39m [90m[39m
[35m[HTTP][39m [37m-->[39m [37mGET[39m [37m/wd/hub/session/f1d69385-59a8-4d79-9e9d-69be2a47b09b/source[39m
[35m[HTTP][39m [90m{}[39m
[35m[W3C (f1d69385)][39m Driver proxy active, passing request on via HTTP proxy
[35m[WD Proxy][39m Replacing sessionId bc6202d6-5b3d-4413-ab4f-6ba9f8820441 with f1d69385-59a8-4d79-9e9d-69be2a47b09b
[35m[HTTP][39m [37m<-- GET /wd/hub/session/f1d69385-59a8-4d79-9e9d-69be2a47b09b/source [39m[32m200[39m [90m26 ms - 1963[39m
[35m[HTTP][39m [90m[39m
[35m[HTTP][39m [37m-->[39m [37mGET[39m [37m/wd/hub/session/f1d69385-59a8-4d79-9e9d-69be2a47b09b/screenshot[39m
[35m[HTTP][39m [90m{}[39m
[35m[HTTP][39m [37m<-- GET /wd/hub/session/f1d69385-59a8-4d79-9e9d-69be2a47b09b/screenshot [39m[32m200[39m [90m534 ms - 175496[39m
[35m[HTTP][39m [90m[39m
[35m[HTTP][39m [37m-->[39m [37mGET[39m [37m/wd/hub/session/f1d69385-59a8-4d79-9e9d-69be2a47b09b/source[39m
[35m[HTTP][39m [90m{}[39m
[35m[W3C (f1d69385)][39m Driver proxy active, passing request on via HTTP proxy
[35m[WD Proxy][39m Replacing sessionId bc6202d6-5b3d-4413-ab4f-6ba9f8820441 with f1d69385-59a8-4d79-9e9d-69be2a47b09b
[35m[HTTP][39m [37m<-- GET /wd/hub/session/f1d69385-59a8-4d79-9e9d-69be2a47b09b/source [39m[32m200[39m [90m21 ms - 1963[39m
[35m[HTTP][39m [90m[39m
[35m[HTTP][39m [37m-->[39m [37mGET[39m [37m/wd/hub/session/f1d69385-59a8-4d79-9e9d-69be2a47b09b/screenshot[39m
[35m[HTTP][39m [90m{}[39m
[35m[HTTP][39m [37m<-- GET /wd/hub/session/f1d69385-59a8-4d79-9e9d-69be2a47b09b/screenshot [39m[32m200[39m [90m541 ms - 175496[39m
[35m[HTTP][39m [90m[39m
[35m[HTTP][39m [37m-->[39m [37mGET[39m [37m/wd/hub/session/f1d69385-59a8-4d79-9e9d-69be2a47b09b/source[39m
[35m[HTTP][39m [90m{}[39m
[35m[W3C (f1d69385)][39m Driver proxy active, passing request on via HTTP proxy
[35m[WD Proxy][39m Replacing sessionId bc6202d6-5b3d-4413-ab4f-6ba9f8820441 with f1d69385-59a8-4d79-9e9d-69be2a47b09b
[35m[HTTP][39m [37m<-- GET /wd/hub/session/f1d69385-59a8-4d79-9e9d-69be2a47b09b/source [39m[32m200[39m [90m26 ms - 1963[39m
[35m[HTTP][39m [90m[39m
[35m[HTTP][39m [37m-->[39m [37mGET[39m [37m/wd/hub/session/f1d69385-59a8-4d79-9e9d-69be2a47b09b/screenshot[39m
[35m[HTTP][39m [90m{}[39m
[35m[HTTP][39m [37m<-- GET /wd/hub/session/f1d69385-59a8-4d79-9e9d-69be2a47b09b/screenshot [39m[32m200[39m [90m487 ms - 175496[39m
[35m[HTTP][39m [90m[39m
[35m[HTTP][39m [37m-->[39m [37mPOST[39m [37m/wd/hub/session/f1d69385-59a8-4d79-9e9d-69be2a47b09b/elements[39m
[35m[HTTP][39m [90m{"using":"xpath","value":"//*[@class = 'android.widget.CheckedTextView' and (@text = 'acc1 ($1000.00)' or . = 'acc1 ($1000.00)') and @resource-id = 'android:id/text1']"}[39m
[35m[HTTP][39m [37m<-- POST /wd/hub/session/f1d69385-59a8-4d79-9e9d-69be2a47b09b/elements [39m[32m200[39m [90m43 ms - 139[39m
[35m[HTTP][39m [90m[39m
[35m[HTTP][39m [37m-->[39m [37mGET[39m [37m/wd/hub/session/f1d69385-59a8-4d79-9e9d-69be2a47b09b/source[39m
[35m[HTTP][39m [90m{}[39m
[35m[W3C (f1d69385)][39m Driver proxy active, passing request on via HTTP proxy
[35m[WD Proxy][39m Replacing sessionId bc6202d6-5b3d-4413-ab4f-6ba9f8820441 with f1d69385-59a8-4d79-9e9d-69be2a47b09b
[35m[HTTP][39m [37m<-- GET /wd/hub/session/f1d69385-59a8-4d79-9e9d-69be2a47b09b/source [39m[32m200[39m [90m21 ms - 2407[39m
[35m[HTTP][39m [90m[39m
[35m[HTTP][39m [37m-->[39m [37mGET[39m [37m/wd/hub/session/f1d69385-59a8-4d79-9e9d-69be2a47b09b/screenshot[39m
[35m[HTTP][39m [90m{}[39m
[35m[HTTP][39m [37m<-- GET /wd/hub/session/f1d69385-59a8-4d79-9e9d-69be2a47b09b/screenshot [39m[32m200[39m [90m429 ms - 174540[39m
[35m[HTTP][39m [90m[39m
[35m[HTTP][39m [37m-->[39m [37mPOST[39m [37m/wd/hub/session/f1d69385-59a8-4d79-9e9d-69be2a47b09b/elements[39m
[35m[HTTP][39m [90m{"using":"xpath","value":"//*[@class = 'android.widget.CheckedTextView' and (@text = 'dd (P1)' or . = 'dd (P1)') and @resource-id = 'android:id/text1']"}[39m
[35m[HTTP][39m [37m<-- POST /wd/hub/session/f1d69385-59a8-4d79-9e9d-69be2a47b09b/elements [39m[32m200[39m [90m39 ms - 139[39m
[35m[HTTP][39m [90m[39m
[35m[HTTP][39m [37m-->[39m [37mPOST[39m [37m/wd/hub/session/f1d69385-59a8-4d79-9e9d-69be2a47b09b/elements[39m
[35m[HTTP][39m [90m{"using":"xpath","value":"//*[@class = 'android.widget.CheckedTextView' and (@text = 'bb (P2)' or . = 'bb (P2)') and @resource-id = 'android:id/text1']"}[39m
[35m[HTTP][39m [37m<-- POST /wd/hub/session/f1d69385-59a8-4d79-9e9d-69be2a47b09b/elements [39m[32m200[39m [90m43 ms - 139[39m
[35m[HTTP][39m [90m[39m
[35m[HTTP][39m [37m-->[39m [37mGET[39m [37m/wd/hub/session/f1d69385-59a8-4d79-9e9d-69be2a47b09b/source[39m
[35m[HTTP][39m [90m{}[39m
[35m[W3C (f1d69385)][39m Driver proxy active, passing request on via HTTP proxy
[35m[WD Proxy][39m Replacing sessionId bc6202d6-5b3d-4413-ab4f-6ba9f8820441 with f1d69385-59a8-4d79-9e9d-69be2a47b09b
[35m[HTTP][39m [37m<-- GET /wd/hub/session/f1d69385-59a8-4d79-9e9d-69be2a47b09b/source [39m[32m200[39m [90m84 ms - 12874[39m
[35m[HTTP][39m [90m[39m
[35m[HTTP][39m [37m-->[39m [37mGET[39m [37m/wd/hub/session/f1d69385-59a8-4d79-9e9d-69be2a47b09b/screenshot[39m
[35m[HTTP][39m [90m{}[39m
[35m[HTTP][39m [37m<-- GET /wd/hub/session/f1d69385-59a8-4d79-9e9d-69be2a47b09b/screenshot [39m[32m200[39m [90m457 ms - 229592[39m
[35m[HTTP][39m [90m[39m
[35m[HTTP][39m [37m-->[39m [37mPOST[39m [37m/wd/hub/session/f1d69385-59a8-4d79-9e9d-69be2a47b09b/elements[39m
[35m[HTTP][39m [90m{"using":"xpath","value":"//*[@class = 'android.widget.Toast' and (@text = 'You do not have sufficient funds to make this payment' or . = 'You do not have sufficient funds to make this payment')]"}[39m
[35m[HTTP][39m [37m<-- POST /wd/hub/session/f1d69385-59a8-4d79-9e9d-69be2a47b09b/elements [39m[32m200[39m [90m76 ms - 139[39m
[35m[HTTP][39m [90m[39m
[35m[HTTP][39m [37m-->[39m [37mGET[39m [37m/wd/hub/session/f1d69385-59a8-4d79-9e9d-69be2a47b09b/source[39m
[35m[HTTP][39m [90m{}[39m
[35m[W3C (f1d69385)][39m Driver proxy active, passing request on via HTTP proxy
[35m[WD Proxy][39m Replacing sessionId bc6202d6-5b3d-4413-ab4f-6ba9f8820441 with f1d69385-59a8-4d79-9e9d-69be2a47b09b
[35m[HTTP][39m [37m<-- GET /wd/hub/session/f1d69385-59a8-4d79-9e9d-69be2a47b09b/source [39m[32m200[39m [90m69 ms - 12856[39m
[35m[HTTP][39m [90m[39m
[35m[HTTP][39m [37m-->[39m [37mGET[39m [37m/wd/hub/session/f1d69385-59a8-4d79-9e9d-69be2a47b09b/screenshot[39m
[35m[HTTP][39m [90m{}[39m
[35m[HTTP][39m [37m<-- GET /wd/hub/session/f1d69385-59a8-4d79-9e9d-69be2a47b09b/screenshot [39m[32m200[39m [90m516 ms - 227720[39m
[35m[HTTP][39m [90m[39m
[35m[HTTP][39m [37m-->[39m [37mPOST[39m [37m/wd/hub/session/f1d69385-59a8-4d79-9e9d-69be2a47b09b/elements[39m
[35m[HTTP][39m [90m{"using":"xpath","value":"//*[@class = 'android.widget.Toast' and (@text = 'Payment of $1.00 successfully made' or . = 'Payment of $1.00 successfully made')]"}[39m
[35m[HTTP][39m [37m<-- POST /wd/hub/session/f1d69385-59a8-4d79-9e9d-69be2a47b09b/elements [39m[32m200[39m [90m61 ms - 139[39m
[35m[HTTP][39m [90m[39m
[35m[HTTP][39m [37m-->[39m [37mGET[39m [37m/wd/hub/session/f1d69385-59a8-4d79-9e9d-69be2a47b09b/source[39m
[35m[HTTP][39m [90m{}[39m
[35m[W3C (f1d69385)][39m Driver proxy active, passing request on via HTTP proxy
[35m[WD Proxy][39m Replacing sessionId bc6202d6-5b3d-4413-ab4f-6ba9f8820441 with f1d69385-59a8-4d79-9e9d-69be2a47b09b
[35m[HTTP][39m [37m<-- GET /wd/hub/session/f1d69385-59a8-4d79-9e9d-69be2a47b09b/source [39m[32m200[39m [90m60 ms - 12874[39m
[35m[HTTP][39m [90m[39m
[35m[HTTP][39m [37m-->[39m [37mGET[39m [37m/wd/hub/session/f1d69385-59a8-4d79-9e9d-69be2a47b09b/screenshot[39m
[35m[HTTP][39m [90m{}[39m
[35m[HTTP][39m [37m<-- GET /wd/hub/session/f1d69385-59a8-4d79-9e9d-69be2a47b09b/screenshot [39m[32m200[39m [90m596 ms - 232596[39m
[35m[HTTP][39m [90m[39m
[35m[HTTP][39m [37m-->[39m [37mPOST[39m [37m/wd/hub/session/f1d69385-59a8-4d79-9e9d-69be2a47b09b/elements[39m
[35m[HTTP][39m [90m{"using":"xpath","value":"//*[@class = 'android.widget.Toast' and (@text = 'You do not have sufficient funds to make this payment' or . = 'You do not have sufficient funds to make this payment')]"}[39m
[35m[HTTP][39m [37m<-- POST /wd/hub/session/f1d69385-59a8-4d79-9e9d-69be2a47b09b/elements [39m[32m200[39m [90m82 ms - 139[39m
[35m[HTTP][39m [90m[39m
[35m[HTTP][39m [37m-->[39m [37mGET[39m [37m/wd/hub/session/f1d69385-59a8-4d79-9e9d-69be2a47b09b/source[39m
[35m[HTTP][39m [90m{}[39m
[35m[W3C (f1d69385)][39m Driver proxy active, passing request on via HTTP proxy
[35m[WD Proxy][39m Replacing sessionId bc6202d6-5b3d-4413-ab4f-6ba9f8820441 with f1d69385-59a8-4d79-9e9d-69be2a47b09b
[35m[HTTP][39m [37m<-- GET /wd/hub/session/f1d69385-59a8-4d79-9e9d-69be2a47b09b/source [39m[32m200[39m [90m74 ms - 13850[39m
[35m[HTTP][39m [90m[39m
[35m[HTTP][39m [37m-->[39m [37mGET[39m [37m/wd/hub/session/f1d69385-59a8-4d79-9e9d-69be2a47b09b/screenshot[39m
[35m[HTTP][39m [90m{}[39m
[35m[HTTP][39m [37m<-- GET /wd/hub/session/f1d69385-59a8-4d79-9e9d-69be2a47b09b/screenshot [39m[32m200[39m [90m437 ms - 183148[39m
[35m[HTTP][39m [90m[39m
[35m[HTTP][39m [37m-->[39m [37mPOST[39m [37m/wd/hub/session/f1d69385-59a8-4d79-9e9d-69be2a47b09b/elements[39m
[35m[HTTP][39m [90m{"using":"xpath","value":"//*[@class = 'android.widget.Toast' and (@text = 'Payment of $5.00 successfully made' or . = 'Payment of $5.00 successfully made')]"}[39m
[35m[HTTP][39m [37m<-- POST /wd/hub/session/f1d69385-59a8-4d79-9e9d-69be2a47b09b/elements [39m[32m200[39m [90m53 ms - 139[39m
[35m[HTTP][39m [90m[39m
[35m[HTTP][39m [37m-->[39m [37mDELETE[39m [37m/wd/hub/session/f1d69385-59a8-4d79-9e9d-69be2a47b09b[39m
[35m[HTTP][39m [90m{}[39m
[35m[Appium][39m Removing session f1d69385-59a8-4d79-9e9d-69be2a47b09b from our master session list
[35m[UiAutomator2][39m Restoring hidden api policy to the device default configuration
[35m[HTTP][39m [37m<-- DELETE /wd/hub/session/f1d69385-59a8-4d79-9e9d-69be2a47b09b [39m[32m200[39m [90m432 ms - 14[39m
[35m[HTTP][39m [90m[39m
